<?xml version="1.0" encoding="utf-8"?><testsuites name="pytest tests"><testsuite name="pytest" errors="0" failures="0" skipped="0" tests="11" time="61.739" timestamp="2026-06-23T01:25:50.643194+00:00" hostname="agent-env-ab5b9411-b01d-4a72-a4f5-53b30329b018"><testcase classname="backend.tests.test_beastlyforge_api" name="test_root" time="0.151" /><testcase classname="backend.tests.test_beastlyforge_api" name="test_generate_block_title" time="1.328" /><testcase classname="backend.tests.test_beastlyforge_api" name="test_generate_article" time="9.623" /><testcase classname="backend.tests.test_beastlyforge_api" name="test_humanize" time="1.460" /><testcase classname="backend.tests.test_beastlyforge_api" name="test_generate_meta" time="2.077" /><testcase classname="backend.tests.test_beastlyforge_api" name="test_generate_image_prompt" time="5.621" /><testcase classname="backend.tests.test_beastlyforge_api" name="test_newsletter_preview" time="5.420" /><testcase classname="backend.tests.test_beastlyforge_api" name="test_generate_social" time="10.407" /><testcase classname="backend.tests.test_beastlyforge_api" name="test_generate_youtube" time="8.685" /><testcase classname="backend.tests.test_beastlyforge_api" name="test_layout_suggest" time="16.706" /><testcase classname="backend.tests.test_beastlyforge_api" name="test_generate_article_empty_blocks" time="0.050" /></testsuite></testsuites>