<?xml version="1.0" encoding="utf-8"?><testsuites name="pytest tests"><testsuite name="pytest" errors="0" failures="0" skipped="0" tests="6" time="3.961" timestamp="2026-06-23T04:26:56.780435+00:00" hostname="agent-env-6bd0cecb-0f3c-4495-9b92-b562a87713e9"><testcase classname="backend.tests.test_p2_features" name="test_api_root" time="0.155" /><testcase classname="backend.tests.test_p2_features.TestGenerateBlockStream" name="test_sse_streams_deltas_and_done" time="3.209" /><testcase classname="backend.tests.test_p2_features.TestGenerateBlockStream" name="test_sse_invalid_payload" time="0.093" /><testcase classname="backend.tests.test_p2_features.TestSendEmail" name="test_invalid_email_returns_422" time="0.094" /><testcase classname="backend.tests.test_p2_features.TestSendEmail" name="test_unverified_domain_returns_graceful_500" time="0.267" /><testcase classname="backend.tests.test_p2_features.TestSendEmail" name="test_missing_field_returns_422" time="0.086" /></testsuite></testsuites>