<?xml version="1.0" encoding="utf-8"?><testsuites name="pytest tests"><testsuite name="pytest" errors="0" failures="0" skipped="0" tests="17" time="81.426" timestamp="2026-06-23T03:49:08.430566+00:00" hostname="agent-env-6bd0cecb-0f3c-4495-9b92-b562a87713e9"><testcase classname="backend.tests.test_seo_and_new_params" name="test_generate_seo_returns_both_fields" time="2.267" /><testcase classname="backend.tests.test_seo_and_new_params" name="test_generate_seo_with_existing_keyword" time="1.631" /><testcase classname="backend.tests.test_seo_and_new_params" name="test_generate_block_with_style_instructions_and_facts" time="5.973" /><testcase classname="backend.tests.test_seo_and_new_params" name="test_generate_article_with_style_and_facts" time="5.593" /><testcase classname="backend.tests.test_seo_and_new_params" name="test_humanize_with_style_instructions" time="1.458" /><testcase classname="backend.tests.test_seo_and_new_params" name="test_brief_facts_to_use_accepted" time="5.325" /><testcase classname="backend.tests.test_beastlyforge_api" name="test_root" time="0.160" /><testcase classname="backend.tests.test_beastlyforge_api" name="test_generate_block_title" time="1.286" /><testcase classname="backend.tests.test_beastlyforge_api" name="test_generate_article" time="10.768" /><testcase classname="backend.tests.test_beastlyforge_api" name="test_humanize" time="1.380" /><testcase classname="backend.tests.test_beastlyforge_api" name="test_generate_meta" time="1.825" /><testcase classname="backend.tests.test_beastlyforge_api" name="test_generate_image_prompt" time="5.875" /><testcase classname="backend.tests.test_beastlyforge_api" name="test_newsletter_preview" time="5.762" /><testcase classname="backend.tests.test_beastlyforge_api" name="test_generate_social" time="9.596" /><testcase classname="backend.tests.test_beastlyforge_api" name="test_generate_youtube" time="9.915" /><testcase classname="backend.tests.test_beastlyforge_api" name="test_layout_suggest" time="12.328" /><testcase classname="backend.tests.test_beastlyforge_api" name="test_generate_article_empty_blocks" time="0.047" /></testsuite></testsuites>